[0.266s] DEBUG:colcon:Command line arguments: ['/usr/bin/colcon', 'build']
[0.266s] DEBUG:colcon:Parsed command line arguments: Namespace(allow_overriding=[], ament_cmake_args=None, base_paths=['.'], build_base='build', catkin_cmake_args=None, catkin_skip_building_tests=False, cmake_args=None, cmake_clean_cache=False, cmake_clean_first=False, cmake_force_configure=False, cmake_target=None, cmake_target_skip_unavailable=False, continue_on_error=False, event_handlers=None, executor='parallel', ignore_user_meta=False, install_base='install', log_base=None, log_level=None, main=<bound method BuildVerb.main of <colcon_core.verb.build.BuildVerb object at 0x7f9a3253af28>>, merge_install=False, metas=['./colcon.meta'], packages_above=None, packages_above_and_dependencies=None, packages_above_depth=None, packages_end=None, packages_ignore=None, packages_ignore_regex=None, packages_select=None, packages_select_build_failed=False, packages_select_by_dep=None, packages_select_regex=None, packages_select_test_failures=False, packages_skip=None, packages_skip_build_finished=False, packages_skip_by_dep=None, packages_skip_regex=None, packages_skip_test_passed=False, packages_skip_up_to=None, packages_start=None, packages_up_to=None, packages_up_to_regex=None, parallel_workers=2, paths=None, symlink_install=False, test_result_base=None, verb_extension=<colcon_core.verb.build.BuildVerb object at 0x7f9a3253af28>, verb_name='build', verb_parser=<colcon_defaults.argument_parser.defaults.DefaultArgumentsDecorator object at 0x7f9a33413f28>)
[0.317s] Level 1:colcon.colcon_core.package_discovery:discover_packages(colcon_meta) check parameters
[0.318s] Level 1:colcon.colcon_core.package_discovery:discover_packages(recursive) check parameters
[0.318s] Level 1:colcon.colcon_core.package_discovery:discover_packages(ignore) check parameters
[0.318s] Level 1:colcon.colcon_core.package_discovery:discover_packages(path) check parameters
[0.318s] Level 1:colcon.colcon_core.package_discovery:discover_packages(colcon_meta) discover
[0.319s] Level 1:colcon.colcon_core.package_discovery:discover_packages(recursive) discover
[0.319s] INFO:colcon.colcon_core.package_discovery:Crawling recursively for packages in '/home/ruben/june-measurements/ros2/src/basic_bench'
[0.319s] Level 1:colcon.colcon_core.package_identification:_identify(.) by extensions ['ignore', 'ignore_ament_install']
[0.319s] Level 1:colcon.colcon_core.package_identification:_identify(.) by extension 'ignore'
[0.319s] Level 1:colcon.colcon_core.package_identification:_identify(.) by extension 'ignore_ament_install'
[0.319s] Level 1:colcon.colcon_core.package_identification:_identify(.) by extensions ['colcon_pkg']
[0.320s] Level 1:colcon.colcon_core.package_identification:_identify(.) by extension 'colcon_pkg'
[0.320s] Level 1:colcon.colcon_core.package_identification:_identify(.) by extensions ['colcon_meta']
[0.320s] Level 1:colcon.colcon_core.package_identification:_identify(.) by extension 'colcon_meta'
[0.320s] Level 1:colcon.colcon_core.package_identification:_identify(.) by extensions ['ros']
[0.320s] Level 1:colcon.colcon_core.package_identification:_identify(.) by extension 'ros'
[0.346s] DEBUG:colcon.colcon_core.package_identification:Package '.' with type 'ros.ament_cmake' and name 'basic_bench'
[0.346s] Level 1:colcon.colcon_core.package_discovery:discover_packages(recursive) using defaults
[0.346s] Level 1:colcon.colcon_core.package_discovery:discover_packages(ignore) discover
[0.346s] Level 1:colcon.colcon_core.package_discovery:discover_packages(ignore) using defaults
[0.346s] Level 1:colcon.colcon_core.package_discovery:discover_packages(path) discover
[0.347s] Level 1:colcon.colcon_core.package_discovery:discover_packages(path) using defaults
[0.393s] Level 1:colcon.colcon_core.package_discovery:discover_packages(prefix_path) check parameters
[0.393s] Level 1:colcon.colcon_core.package_discovery:discover_packages(prefix_path) discover
[0.397s] DEBUG:colcon.colcon_installed_package_information.package_discovery:Found 2 installed packages in /home/ruben/june-measurements/ros2/install
[0.399s] DEBUG:colcon.colcon_installed_package_information.package_discovery:Found 219 installed packages in /opt/ros/dashing
[0.401s] Level 1:colcon.colcon_core.package_discovery:discover_packages(prefix_path) using defaults
[0.464s] WARNING:colcon.colcon_core.package_selection:Some selected packages are already built in one or more underlay workspaces:
	'basic_bench' is in: /home/ruben/june-measurements/ros2/install/basic_bench
If a package in a merged underlay workspace is overridden and it installs headers, then all packages in the overlay must sort their include directories by workspace order. Failure to do so may result in build failures or undefined behavior at run time.
If the overridden package is used by another package in any underlay, then the overriding package in the overlay must be API and ABI compatible or undefined behavior at run time may occur.

If you understand the risks and want to override a package anyways, add the following to the command line:
	--allow-overriding basic_bench

This may be promoted to an error in a future release of colcon-override-check.
[0.466s] Level 5:colcon.colcon_core.verb:set package 'basic_bench' build argument 'cmake_args' from command line to 'None'
[0.466s] Level 5:colcon.colcon_core.verb:set package 'basic_bench' build argument 'cmake_target' from command line to 'None'
[0.467s] Level 5:colcon.colcon_core.verb:set package 'basic_bench' build argument 'cmake_target_skip_unavailable' from command line to 'False'
[0.467s] Level 5:colcon.colcon_core.verb:set package 'basic_bench' build argument 'cmake_clean_cache' from command line to 'False'
[0.467s] Level 5:colcon.colcon_core.verb:set package 'basic_bench' build argument 'cmake_clean_first' from command line to 'False'
[0.467s] Level 5:colcon.colcon_core.verb:set package 'basic_bench' build argument 'cmake_force_configure' from command line to 'False'
[0.467s] Level 5:colcon.colcon_core.verb:set package 'basic_bench' build argument 'ament_cmake_args' from command line to 'None'
[0.467s] Level 5:colcon.colcon_core.verb:set package 'basic_bench' build argument 'catkin_cmake_args' from command line to 'None'
[0.467s] Level 5:colcon.colcon_core.verb:set package 'basic_bench' build argument 'catkin_skip_building_tests' from command line to 'False'
[0.467s] DEBUG:colcon.colcon_core.verb:Building package 'basic_bench' with the following arguments: {'ament_cmake_args': None, 'build_base': '/home/ruben/june-measurements/ros2/src/basic_bench/build/basic_bench', 'catkin_cmake_args': None, 'catkin_skip_building_tests': False, 'cmake_args': None, 'cmake_clean_cache': False, 'cmake_clean_first': False, 'cmake_force_configure': False, 'cmake_target': None, 'cmake_target_skip_unavailable': False, 'install_base': '/home/ruben/june-measurements/ros2/src/basic_bench/install/basic_bench', 'merge_install': False, 'path': '/home/ruben/june-measurements/ros2/src/basic_bench', 'symlink_install': False, 'test_result_base': None}
[0.468s] INFO:colcon.colcon_core.executor:Executing jobs using 'parallel' executor
[0.473s] DEBUG:colcon.colcon_parallel_executor.executor.parallel:run_until_complete
[0.473s] INFO:colcon.colcon_ros.task.ament_cmake.build:Building ROS package in '/home/ruben/june-measurements/ros2/src/basic_bench' with build type 'ament_cmake'
[0.474s] INFO:colcon.colcon_cmake.task.cmake.build:Building CMake package in '/home/ruben/june-measurements/ros2/src/basic_bench'
[0.483s] INFO:colcon.colcon_core.plugin_system:Skipping extension 'colcon_core.shell.bat': Not used on non-Windows systems
[0.484s] INFO:colcon.colcon_core.shell:Skip shell extension 'powershell' for command environment: Not usable outside of PowerShell
[0.484s] DEBUG:colcon.colcon_core.shell:Skip shell extension 'dsv' for command environment
[0.489s] DEBUG:colcon.colcon_core.shell:Ignoring prefix path '/home/ruben/catkin_ws/devel'
[0.489s] DEBUG:colcon.colcon_core.shell:Ignoring prefix path '/opt/ros/melodic'
[0.526s] DEBUG:colcon.colcon_core.event_handler.log_command:Invoking command in '/home/ruben/june-measurements/ros2/src/basic_bench/build/basic_bench': CMAKE_PREFIX_PATH=/home/ruben/june-measurements/ros2/install/bridge_bench:/home/ruben/june-measurements/ros2/install/basic_bench:/opt/ros/dashing:/home/ruben/catkin_ws/devel:/opt/ros/melodic /usr/bin/cmake --build /home/ruben/june-measurements/ros2/src/basic_bench/build/basic_bench -- -j2 -l2
[3.531s] DEBUG:colcon.colcon_core.event_handler.log_command:Invoked command in '/home/ruben/june-measurements/ros2/src/basic_bench/build/basic_bench' returned '0': CMAKE_PREFIX_PATH=/home/ruben/june-measurements/ros2/install/bridge_bench:/home/ruben/june-measurements/ros2/install/basic_bench:/opt/ros/dashing:/home/ruben/catkin_ws/devel:/opt/ros/melodic /usr/bin/cmake --build /home/ruben/june-measurements/ros2/src/basic_bench/build/basic_bench -- -j2 -l2
[3.671s] DEBUG:colcon.colcon_core.event_handler.log_command:Invoking command in '/home/ruben/june-measurements/ros2/src/basic_bench/build/basic_bench': CMAKE_PREFIX_PATH=/home/ruben/june-measurements/ros2/install/bridge_bench:/home/ruben/june-measurements/ros2/install/basic_bench:/opt/ros/dashing:/home/ruben/catkin_ws/devel:/opt/ros/melodic /usr/bin/cmake --build /home/ruben/june-measurements/ros2/src/basic_bench/build/basic_bench --target install -- -j2 -l2
[4.239s] Level 1:colcon.colcon_core.environment:create_environment_scripts_only(basic_bench)
[4.246s] Level 1:colcon.colcon_core.environment:checking '/home/ruben/june-measurements/ros2/src/basic_bench/install/basic_bench' for CMake module files
[4.248s] Level 1:colcon.colcon_core.environment:checking '/home/ruben/june-measurements/ros2/src/basic_bench/install/basic_bench' for CMake config files
[4.255s] DEBUG:colcon.colcon_core.event_handler.log_command:Invoked command in '/home/ruben/june-measurements/ros2/src/basic_bench/build/basic_bench' returned '0': CMAKE_PREFIX_PATH=/home/ruben/june-measurements/ros2/install/bridge_bench:/home/ruben/june-measurements/ros2/install/basic_bench:/opt/ros/dashing:/home/ruben/catkin_ws/devel:/opt/ros/melodic /usr/bin/cmake --build /home/ruben/june-measurements/ros2/src/basic_bench/build/basic_bench --target install -- -j2 -l2
[4.255s] Level 1:colcon.colcon_core.shell:create_environment_hook('basic_bench', 'cmake_prefix_path')
[4.257s] INFO:colcon.colcon_core.shell:Creating environment hook '/home/ruben/june-measurements/ros2/src/basic_bench/install/basic_bench/share/basic_bench/hook/cmake_prefix_path.ps1'
[4.258s] INFO:colcon.colcon_core.shell:Creating environment descriptor '/home/ruben/june-measurements/ros2/src/basic_bench/install/basic_bench/share/basic_bench/hook/cmake_prefix_path.dsv'
[4.259s] INFO:colcon.colcon_core.shell:Creating environment hook '/home/ruben/june-measurements/ros2/src/basic_bench/install/basic_bench/share/basic_bench/hook/cmake_prefix_path.sh'
[4.262s] Level 1:colcon.colcon_core.environment:checking '/home/ruben/june-measurements/ros2/src/basic_bench/install/basic_bench/lib'
[4.262s] Level 1:colcon.colcon_core.shell:create_environment_hook('basic_bench', 'ld_library_path_lib')
[4.264s] INFO:colcon.colcon_core.shell:Creating environment hook '/home/ruben/june-measurements/ros2/src/basic_bench/install/basic_bench/share/basic_bench/hook/ld_library_path_lib.ps1'
[4.264s] INFO:colcon.colcon_core.shell:Creating environment descriptor '/home/ruben/june-measurements/ros2/src/basic_bench/install/basic_bench/share/basic_bench/hook/ld_library_path_lib.dsv'
[4.265s] INFO:colcon.colcon_core.shell:Creating environment hook '/home/ruben/june-measurements/ros2/src/basic_bench/install/basic_bench/share/basic_bench/hook/ld_library_path_lib.sh'
[4.265s] Level 1:colcon.colcon_core.environment:checking '/home/ruben/june-measurements/ros2/src/basic_bench/install/basic_bench/bin'
[4.266s] Level 1:colcon.colcon_core.environment:checking '/home/ruben/june-measurements/ros2/src/basic_bench/install/basic_bench/lib/pkgconfig/basic_bench.pc'
[4.266s] Level 1:colcon.colcon_core.environment:checking '/home/ruben/june-measurements/ros2/src/basic_bench/install/basic_bench/lib/python3.6/site-packages'
[4.266s] Level 1:colcon.colcon_core.shell:create_environment_hook('basic_bench', 'pythonpath')
[4.267s] INFO:colcon.colcon_core.shell:Creating environment hook '/home/ruben/june-measurements/ros2/src/basic_bench/install/basic_bench/share/basic_bench/hook/pythonpath.ps1'
[4.268s] INFO:colcon.colcon_core.shell:Creating environment descriptor '/home/ruben/june-measurements/ros2/src/basic_bench/install/basic_bench/share/basic_bench/hook/pythonpath.dsv'
[4.268s] INFO:colcon.colcon_core.shell:Creating environment hook '/home/ruben/june-measurements/ros2/src/basic_bench/install/basic_bench/share/basic_bench/hook/pythonpath.sh'
[4.269s] Level 1:colcon.colcon_core.environment:checking '/home/ruben/june-measurements/ros2/src/basic_bench/install/basic_bench/bin'
[4.271s] INFO:colcon.colcon_core.shell:Creating package script '/home/ruben/june-measurements/ros2/src/basic_bench/install/basic_bench/share/basic_bench/package.ps1'
[4.273s] INFO:colcon.colcon_core.shell:Creating package descriptor '/home/ruben/june-measurements/ros2/src/basic_bench/install/basic_bench/share/basic_bench/package.dsv'
[4.274s] INFO:colcon.colcon_core.shell:Creating package script '/home/ruben/june-measurements/ros2/src/basic_bench/install/basic_bench/share/basic_bench/package.sh'
[4.275s] INFO:colcon.colcon_core.shell:Creating package script '/home/ruben/june-measurements/ros2/src/basic_bench/install/basic_bench/share/basic_bench/package.bash'
[4.276s] INFO:colcon.colcon_core.shell:Creating package script '/home/ruben/june-measurements/ros2/src/basic_bench/install/basic_bench/share/basic_bench/package.zsh'
[4.277s] Level 1:colcon.colcon_core.environment:create_file_with_runtime_dependencies(/home/ruben/june-measurements/ros2/src/basic_bench/install/basic_bench/share/colcon-core/packages/basic_bench)
[4.407s] Level 1:colcon.colcon_core.environment:create_environment_scripts_only(basic_bench)
[4.409s] Level 1:colcon.colcon_core.environment:checking '/home/ruben/june-measurements/ros2/src/basic_bench/install/basic_bench' for CMake module files
[4.410s] Level 1:colcon.colcon_core.environment:checking '/home/ruben/june-measurements/ros2/src/basic_bench/install/basic_bench' for CMake config files
[4.410s] Level 1:colcon.colcon_core.shell:create_environment_hook('basic_bench', 'cmake_prefix_path')
[4.412s] INFO:colcon.colcon_core.shell:Creating environment hook '/home/ruben/june-measurements/ros2/src/basic_bench/install/basic_bench/share/basic_bench/hook/cmake_prefix_path.ps1'
[4.413s] INFO:colcon.colcon_core.shell:Creating environment descriptor '/home/ruben/june-measurements/ros2/src/basic_bench/install/basic_bench/share/basic_bench/hook/cmake_prefix_path.dsv'
[4.413s] INFO:colcon.colcon_core.shell:Creating environment hook '/home/ruben/june-measurements/ros2/src/basic_bench/install/basic_bench/share/basic_bench/hook/cmake_prefix_path.sh'
[4.414s] Level 1:colcon.colcon_core.environment:checking '/home/ruben/june-measurements/ros2/src/basic_bench/install/basic_bench/lib'
[4.415s] Level 1:colcon.colcon_core.shell:create_environment_hook('basic_bench', 'ld_library_path_lib')
[4.416s] INFO:colcon.colcon_core.shell:Creating environment hook '/home/ruben/june-measurements/ros2/src/basic_bench/install/basic_bench/share/basic_bench/hook/ld_library_path_lib.ps1'
[4.417s] INFO:colcon.colcon_core.shell:Creating environment descriptor '/home/ruben/june-measurements/ros2/src/basic_bench/install/basic_bench/share/basic_bench/hook/ld_library_path_lib.dsv'
[4.417s] INFO:colcon.colcon_core.shell:Creating environment hook '/home/ruben/june-measurements/ros2/src/basic_bench/install/basic_bench/share/basic_bench/hook/ld_library_path_lib.sh'
[4.418s] Level 1:colcon.colcon_core.environment:checking '/home/ruben/june-measurements/ros2/src/basic_bench/install/basic_bench/bin'
[4.418s] Level 1:colcon.colcon_core.environment:checking '/home/ruben/june-measurements/ros2/src/basic_bench/install/basic_bench/lib/pkgconfig/basic_bench.pc'
[4.418s] Level 1:colcon.colcon_core.environment:checking '/home/ruben/june-measurements/ros2/src/basic_bench/install/basic_bench/lib/python3.6/site-packages'
[4.419s] Level 1:colcon.colcon_core.shell:create_environment_hook('basic_bench', 'pythonpath')
[4.420s] INFO:colcon.colcon_core.shell:Creating environment hook '/home/ruben/june-measurements/ros2/src/basic_bench/install/basic_bench/share/basic_bench/hook/pythonpath.ps1'
[4.421s] INFO:colcon.colcon_core.shell:Creating environment descriptor '/home/ruben/june-measurements/ros2/src/basic_bench/install/basic_bench/share/basic_bench/hook/pythonpath.dsv'
[4.423s] INFO:colcon.colcon_core.shell:Creating environment hook '/home/ruben/june-measurements/ros2/src/basic_bench/install/basic_bench/share/basic_bench/hook/pythonpath.sh'
[4.424s] Level 1:colcon.colcon_core.environment:checking '/home/ruben/june-measurements/ros2/src/basic_bench/install/basic_bench/bin'
[4.425s] INFO:colcon.colcon_core.shell:Creating package script '/home/ruben/june-measurements/ros2/src/basic_bench/install/basic_bench/share/basic_bench/package.ps1'
[4.426s] INFO:colcon.colcon_core.shell:Creating package descriptor '/home/ruben/june-measurements/ros2/src/basic_bench/install/basic_bench/share/basic_bench/package.dsv'
[4.427s] INFO:colcon.colcon_core.shell:Creating package script '/home/ruben/june-measurements/ros2/src/basic_bench/install/basic_bench/share/basic_bench/package.sh'
[4.428s] INFO:colcon.colcon_core.shell:Creating package script '/home/ruben/june-measurements/ros2/src/basic_bench/install/basic_bench/share/basic_bench/package.bash'
[4.428s] INFO:colcon.colcon_core.shell:Creating package script '/home/ruben/june-measurements/ros2/src/basic_bench/install/basic_bench/share/basic_bench/package.zsh'
[4.429s] Level 1:colcon.colcon_core.environment:create_file_with_runtime_dependencies(/home/ruben/june-measurements/ros2/src/basic_bench/install/basic_bench/share/colcon-core/packages/basic_bench)
[4.430s] DEBUG:colcon.colcon_parallel_executor.executor.parallel:closing loop
[4.433s] DEBUG:colcon.colcon_parallel_executor.executor.parallel:loop closed
[4.433s] DEBUG:colcon.colcon_parallel_executor.executor.parallel:run_until_complete finished with '0'
[4.434s] DEBUG:colcon.colcon_core.event_reactor:joining thread
[4.441s] INFO:colcon.colcon_core.plugin_system:Skipping extension 'colcon_notification.desktop_notification.terminal_notifier': Not used on non-Darwin systems
[4.441s] INFO:colcon.colcon_core.plugin_system:Skipping extension 'colcon_notification.desktop_notification.win32': Not used on non-Windows systems
[4.442s] INFO:colcon.colcon_notification.desktop_notification:Sending desktop notification using 'notify2'
[4.451s] DEBUG:colcon.colcon_core.event_reactor:joined thread
[4.453s] INFO:colcon.colcon_core.shell:Creating prefix script '/home/ruben/june-measurements/ros2/src/basic_bench/install/local_setup.ps1'
[4.455s] INFO:colcon.colcon_core.shell:Creating prefix util module '/home/ruben/june-measurements/ros2/src/basic_bench/install/_local_setup_util_ps1.py'
[4.458s] INFO:colcon.colcon_core.shell:Creating prefix chain script '/home/ruben/june-measurements/ros2/src/basic_bench/install/setup.ps1'
[4.460s] INFO:colcon.colcon_core.shell:Creating prefix script '/home/ruben/june-measurements/ros2/src/basic_bench/install/local_setup.sh'
[4.461s] INFO:colcon.colcon_core.shell:Creating prefix util module '/home/ruben/june-measurements/ros2/src/basic_bench/install/_local_setup_util_sh.py'
[4.462s] INFO:colcon.colcon_core.shell:Creating prefix chain script '/home/ruben/june-measurements/ros2/src/basic_bench/install/setup.sh'
[4.464s] INFO:colcon.colcon_core.shell:Creating prefix script '/home/ruben/june-measurements/ros2/src/basic_bench/install/local_setup.bash'
[4.465s] INFO:colcon.colcon_core.shell:Creating prefix chain script '/home/ruben/june-measurements/ros2/src/basic_bench/install/setup.bash'
[4.468s] INFO:colcon.colcon_core.shell:Creating prefix script '/home/ruben/june-measurements/ros2/src/basic_bench/install/local_setup.zsh'
[4.469s] INFO:colcon.colcon_core.shell:Creating prefix chain script '/home/ruben/june-measurements/ros2/src/basic_bench/install/setup.zsh'
